# JRE version: Java(TM) SE Runtime Environment (8.0_202-b08) (build 1.8.0_202-b08)
# Java VM: Java HotSpot(TM) 64-Bit Server VM (25.202-b08 mixed mode windows-amd64 compressed oops)
Heap:
 PSYoungGen      total 76288K, used 32066K [0x000000076ac00000, 0x0000000770100000, 0x00000007c0000000)
  eden space 65536K, 48% used [0x000000076ac00000,0x000000076cb50ab0,0x000000076ec00000)
  from space 10752K, 0% used [0x000000076f680000,0x000000076f680000,0x0000000770100000)
  to   space 10752K, 0% used [0x000000076ec00000,0x000000076ec00000,0x000000076f680000)
 ParOldGen       total 109568K, used 7440K [0x00000006c0400000, 0x00000006c6f00000, 0x000000076ac00000)
  object space 109568K, 6% used [0x00000006c0400000,0x00000006c0b44220,0x00000006c6f00000)
 Metaspace       used 21698K, capacity 22754K, committed 22912K, reserved 1069056K
  class space    used 2869K, capacity 3147K, committed 3200K, reserved 1048576K
GC Heap History (6 events):
Event: 3.540 GC heap before
{Heap before GC invocations=1 (full 0):
 PSYoungGen      total 76288K, used 65536K [0x000000076ac00000, 0x0000000770100000, 0x00000007c0000000)
  eden space 65536K, 100% used [0x000000076ac00000,0x000000076ec00000,0x000000076ec00000)
  from space 10752K, 0% used [0x000000076f680000,0x000000076f680000,0x0000000770100000)
  to   space 10752K, 0% used [0x000000076ec00000,0x000000076ec00000,0x000000076f680000)
 ParOldGen       total 175104K, used 0K [0x00000006c0400000, 0x00000006caf00000, 0x000000076ac00000)
  object space 175104K, 0% used [0x00000006c0400000,0x00000006c0400000,0x00000006caf00000)
 Metaspace       used 17086K, capacity 17714K, committed 18048K, reserved 1064960K
  class space    used 2154K, capacity 2349K, committed 2432K, reserved 1048576K
Event: 3.555 GC heap after
Heap after GC invocations=1 (full 0):
 PSYoungGen      total 76288K, used 10751K [0x000000076ac00000, 0x0000000770100000, 0x00000007c0000000)
  eden space 65536K, 0% used [0x000000076ac00000,0x000000076ac00000,0x000000076ec00000)
  from space 10752K, 99% used [0x000000076ec00000,0x000000076f67fff8,0x000000076f680000)
  to   space 10752K, 0% used [0x000000076f680000,0x000000076f680000,0x0000000770100000)
 ParOldGen       total 175104K, used 174K [0x00000006c0400000, 0x00000006caf00000, 0x000000076ac00000)
  object space 175104K, 0% used [0x00000006c0400000,0x00000006c042bb58,0x00000006caf00000)
 Metaspace       used 17086K, capacity 17714K, committed 18048K, reserved 1064960K
  class space    used 2154K, capacity 2349K, committed 2432K, reserved 1048576K
}
Event: 4.680 GC heap before
{Heap before GC invocations=2 (full 0):
 PSYoungGen      total 76288K, used 32810K [0x000000076ac00000, 0x0000000770100000, 0x00000007c0000000)
  eden space 65536K, 33% used [0x000000076ac00000,0x000000076c18a8b0,0x000000076ec00000)
  from space 10752K, 99% used [0x000000076ec00000,0x000000076f67fff8,0x000000076f680000)
  to   space 10752K, 0% used [0x000000076f680000,0x000000076f680000,0x0000000770100000)
 ParOldGen       total 175104K, used 174K [0x00000006c0400000, 0x00000006caf00000, 0x000000076ac00000)
  object space 175104K, 0% used [0x00000006c0400000,0x00000006c042bb58,0x00000006caf00000)
 Metaspace       used 20165K, capacity 21252K, committed 21296K, reserved 1067008K
  class space    used 2635K, capacity 2924K, committed 2944K, reserved 1048576K
Event: 4.695 GC heap after
Heap after GC invocations=2 (full 0):
 PSYoungGen      total 76288K, used 7720K [0x000000076ac00000, 0x0000000770100000, 0x00000007c0000000)
  eden space 65536K, 0% used [0x000000076ac00000,0x000000076ac00000,0x000000076ec00000)
  from space 10752K, 71% used [0x000000076f680000,0x000000076fe0a250,0x0000000770100000)
  to   space 10752K, 0% used [0x000000076ec00000,0x000000076ec00000,0x000000076f680000)
 ParOldGen       total 175104K, used 182K [0x00000006c0400000, 0x00000006caf00000, 0x000000076ac00000)
  object space 175104K, 0% used [0x00000006c0400000,0x00000006c042db58,0x00000006caf00000)
 Metaspace       used 20165K, capacity 21252K, committed 21296K, reserved 1067008K
  class space    used 2635K, capacity 2924K, committed 2944K, reserved 1048576K
}
Event: 4.695 GC heap before
{Heap before GC invocations=3 (full 1):
 PSYoungGen      total 76288K, used 7720K [0x000000076ac00000, 0x0000000770100000, 0x00000007c0000000)
  eden space 65536K, 0% used [0x000000076ac00000,0x000000076ac00000,0x000000076ec00000)
  from space 10752K, 71% used [0x000000076f680000,0x000000076fe0a250,0x0000000770100000)
  to   space 10752K, 0% used [0x000000076ec00000,0x000000076ec00000,0x000000076f680000)
 ParOldGen       total 175104K, used 182K [0x00000006c0400000, 0x00000006caf00000, 0x000000076ac00000)
  object space 175104K, 0% used [0x00000006c0400000,0x00000006c042db58,0x00000006caf00000)
 Metaspace       used 20165K, capacity 21252K, committed 21296K, reserved 1067008K
  class space    used 2635K, capacity 2924K, committed 2944K, reserved 1048576K
Event: 4.747 GC heap after
Heap after GC invocations=3 (full 1):
 PSYoungGen      total 76288K, used 0K [0x000000076ac00000, 0x0000000770100000, 0x00000007c0000000)
  eden space 65536K, 0% used [0x000000076ac00000,0x000000076ac00000,0x000000076ec00000)
  from space 10752K, 0% used [0x000000076f680000,0x000000076f680000,0x0000000770100000)
  to   space 10752K, 0% used [0x000000076ec00000,0x000000076ec00000,0x000000076f680000)
 ParOldGen       total 109568K, used 7440K [0x00000006c0400000, 0x00000006c6f00000, 0x000000076ac00000)
  object space 109568K, 6% used [0x00000006c0400000,0x00000006c0b44220,0x00000006c6f00000)
 Metaspace       used 20159K, capacity 21236K, committed 21296K, reserved 1067008K
  class space    used 2632K, capacity 2920K, committed 2944K, reserved 1048576K
}

